nohup: no se tendrá en cuenta la entrada
INFO:     Started server process [47589]
INFO:     Waiting for application startup.
INFO:     Application startup complete.
INFO:     Uvicorn running on http://127.0.0.1:8000 (Press CTRL+C to quit)
INFO:     127.0.0.1:39970 - "GET /api/clientes HTTP/1.1" 500 Internal Server Error
ERROR:    Exception in ASGI application
Traceback (most recent call last):
  File "/home/ibar/Proyectos/DepaFix/venv/lib/python3.12/site-packages/uvicorn/protocols/http/h11_impl.py", line 416, in run_asgi
    result = await app(  # type: ignore[func-returns-value]
             ^^^^^^^^^^^^^^^^^^^^^^^^^^^^^^^^^^^^^^^^^^^^^^
  File "/home/ibar/Proyectos/DepaFix/venv/lib/python3.12/site-packages/uvicorn/middleware/proxy_headers.py", line 63, in __call__
    return await self.app(scope, receive, send)
           ^^^^^^^^^^^^^^^^^^^^^^^^^^^^^^^^^^^^
  File "/home/ibar/Proyectos/DepaFix/venv/lib/python3.12/site-packages/fastapi/applications.py", line 1163, in __call__
    await super().__call__(scope, receive, send)
  File "/home/ibar/Proyectos/DepaFix/venv/lib/python3.12/site-packages/starlette/applications.py", line 90, in __call__
    await self.middleware_stack(scope, receive, send)
  File "/home/ibar/Proyectos/DepaFix/venv/lib/python3.12/site-packages/starlette/middleware/errors.py", line 186, in __call__
    raise exc
  File "/home/ibar/Proyectos/DepaFix/venv/lib/python3.12/site-packages/starlette/middleware/errors.py", line 164, in __call__
    await self.app(scope, receive, _send)
  File "/home/ibar/Proyectos/DepaFix/venv/lib/python3.12/site-packages/starlette/middleware/cors.py", line 88, in __call__
    await self.app(scope, receive, send)
  File "/home/ibar/Proyectos/DepaFix/venv/lib/python3.12/site-packages/starlette/middleware/exceptions.py", line 63, in __call__
    await wrap_app_handling_exceptions(self.app, conn)(scope, receive, send)
  File "/home/ibar/Proyectos/DepaFix/venv/lib/python3.12/site-packages/starlette/_exception_handler.py", line 53, in wrapped_app
    raise exc
  File "/home/ibar/Proyectos/DepaFix/venv/lib/python3.12/site-packages/starlette/_exception_handler.py", line 42, in wrapped_app
    await app(scope, receive, sender)
  File "/home/ibar/Proyectos/DepaFix/venv/lib/python3.12/site-packages/fastapi/middleware/asyncexitstack.py", line 18, in __call__
    await self.app(scope, receive, send)
  File "/home/ibar/Proyectos/DepaFix/venv/lib/python3.12/site-packages/starlette/routing.py", line 660, in __call__
    await self.middleware_stack(scope, receive, send)
  File "/home/ibar/Proyectos/DepaFix/venv/lib/python3.12/site-packages/fastapi/routing.py", line 2683, in app
    await route.handle(scope, receive, send)
  File "/home/ibar/Proyectos/DepaFix/venv/lib/python3.12/site-packages/fastapi/routing.py", line 1266, in handle
    await super().handle(scope, receive, send)
  File "/home/ibar/Proyectos/DepaFix/venv/lib/python3.12/site-packages/starlette/routing.py", line 276, in handle
    await self.app(scope, receive, send)
  File "/home/ibar/Proyectos/DepaFix/venv/lib/python3.12/site-packages/fastapi/routing.py", line 150, in app
    await wrap_app_handling_exceptions(app, request)(scope, receive, send)
  File "/home/ibar/Proyectos/DepaFix/venv/lib/python3.12/site-packages/starlette/_exception_handler.py", line 53, in wrapped_app
    raise exc
  File "/home/ibar/Proyectos/DepaFix/venv/lib/python3.12/site-packages/starlette/_exception_handler.py", line 42, in wrapped_app
    await app(scope, receive, sender)
  File "/home/ibar/Proyectos/DepaFix/venv/lib/python3.12/site-packages/fastapi/routing.py", line 136, in app
    response = await f(request)
               ^^^^^^^^^^^^^^^^
  File "/home/ibar/Proyectos/DepaFix/venv/lib/python3.12/site-packages/fastapi/routing.py", line 690, in app
    raw_response = await run_endpoint_function(
                   ^^^^^^^^^^^^^^^^^^^^^^^^^^^^
  File "/home/ibar/Proyectos/DepaFix/venv/lib/python3.12/site-packages/fastapi/routing.py", line 344, in run_endpoint_function
    return await dependant.call(**values)
           ^^^^^^^^^^^^^^^^^^^^^^^^^^^^^^
  File "/home/ibar/Proyectos/DepaFix/main.py", line 24, in listar_clientes
    client = DatabaseManager.get_client()
             ^^^^^^^^^^^^^^^^^^^^^^^^^^^^
  File "/home/ibar/Proyectos/DepaFix/core/db_manager.py", line 14, in get_client
    raise RuntimeError("Variables SUPABASE_URL o SUPABASE_KEY no definidas")
RuntimeError: Variables SUPABASE_URL o SUPABASE_KEY no definidas
